15:47:44.985 [main] INFO  c.a.n.c.e.SearchableProperties - [sortPropertySourceDefaultOrder,197] - properties search order:PROPERTIES->JVM->ENV->DEFAULT_SETTING
15:47:45.019 [background-preinit] INFO  o.h.v.i.util.Version - [<clinit>,21] - HV000001: Hibernate Validator 6.2.5.Final
15:47:46.569 [main] INFO  c.a.n.p.a.s.c.ClientAuthPluginManager - [init,56] - [ClientAuthPluginManager] Load ClientAuthService com.alibaba.nacos.client.auth.impl.NacosClientAuthServiceImpl success.
15:47:46.569 [main] INFO  c.a.n.p.a.s.c.ClientAuthPluginManager - [init,56] - [ClientAuthPluginManager] Load ClientAuthService com.alibaba.nacos.client.auth.ram.RamClientAuthServiceImpl success.
15:47:47.563 [main] INFO  c.d.p.RuoYiProjectApplication - [logStartupProfileInfo,638] - The following 1 profile is active: "dev"
15:47:48.757 [main] INFO  o.a.c.h.Http11NioProtocol - [log,173] - Initializing ProtocolHandler ["http-nio-9301"]
15:47:48.761 [main] INFO  o.a.c.c.StandardService - [log,173] - Starting service [Tomcat]
15:47:48.761 [main] INFO  o.a.c.c.StandardEngine - [log,173] - Starting Servlet engine: [Apache Tomcat/9.0.96]
15:47:48.879 [main] INFO  o.a.c.c.C.[.[.[/] - [log,173] - Initializing Spring embedded WebApplicationContext
15:47:49.409 [main] INFO  c.a.c.s.SentinelWebMvcConfigurer - [addInterceptors,52] - [Sentinel Starter] register SentinelWebInterceptor with urlPatterns: [/**].
15:47:53.314 [main] INFO  o.a.c.h.Http11NioProtocol - [log,173] - Starting ProtocolHandler ["http-nio-9301"]
15:47:53.327 [main] INFO  c.a.n.p.a.s.c.ClientAuthPluginManager - [init,56] - [ClientAuthPluginManager] Load ClientAuthService com.alibaba.nacos.client.auth.impl.NacosClientAuthServiceImpl success.
15:47:53.327 [main] INFO  c.a.n.p.a.s.c.ClientAuthPluginManager - [init,56] - [ClientAuthPluginManager] Load ClientAuthService com.alibaba.nacos.client.auth.ram.RamClientAuthServiceImpl success.
15:47:53.466 [main] INFO  c.a.c.n.r.NacosServiceRegistry - [register,76] - nacos registry, DEFAULT_GROUP detail-project 192.168.111.1:9301 register finished
15:47:54.722 [main] INFO  c.d.p.RuoYiProjectApplication - [logStarted,61] - Started RuoYiProjectApplication in 11.255 seconds (JVM running for 12.163)
15:47:54.734 [main] INFO  c.a.c.n.r.NacosContextRefresher - [registerNacosListener,141] - [Nacos Config] Listening config: dataId=detail-project-dev.yml, group=DEFAULT_GROUP
15:47:54.734 [main] INFO  c.a.c.n.r.NacosContextRefresher - [registerNacosListener,141] - [Nacos Config] Listening config: dataId=detail-project.yml, group=DEFAULT_GROUP
15:47:54.734 [main] INFO  c.a.c.n.r.NacosContextRefresher - [registerNacosListener,141] - [Nacos Config] Listening config: dataId=detail-project, group=DEFAULT_GROUP
15:47:55.159 [RMI TCP Connection(2)-192.168.1.3] INFO  o.a.c.c.C.[.[.[/] - [log,173] - Initializing Spring DispatcherServlet 'dispatcherServlet'
15:50:06.944 [SpringApplicationShutdownHook] INFO  c.a.c.n.r.NacosServiceRegistry - [deregister,95] - De-registering from Nacos Server now...
15:50:06.949 [SpringApplicationShutdownHook] INFO  c.a.c.n.r.NacosServiceRegistry - [deregister,115] - De-registration finished.
15:50:06.957 [SpringApplicationShutdownHook] INFO  c.b.d.d.DynamicRoutingDataSource - [destroy,215] - dynamic-datasource start closing ....
15:50:06.957 [SpringApplicationShutdownHook] INFO  c.b.d.d.DynamicRoutingDataSource - [destroy,219] - dynamic-datasource all closed success,bye
15:51:52.155 [main] INFO  c.a.n.c.e.SearchableProperties - [sortPropertySourceDefaultOrder,197] - properties search order:PROPERTIES->JVM->ENV->DEFAULT_SETTING
15:51:52.189 [background-preinit] INFO  o.h.v.i.util.Version - [<clinit>,21] - HV000001: Hibernate Validator 6.2.5.Final
15:51:53.738 [main] INFO  c.a.n.p.a.s.c.ClientAuthPluginManager - [init,56] - [ClientAuthPluginManager] Load ClientAuthService com.alibaba.nacos.client.auth.impl.NacosClientAuthServiceImpl success.
15:51:53.738 [main] INFO  c.a.n.p.a.s.c.ClientAuthPluginManager - [init,56] - [ClientAuthPluginManager] Load ClientAuthService com.alibaba.nacos.client.auth.ram.RamClientAuthServiceImpl success.
15:51:54.771 [main] INFO  c.d.p.RuoYiProjectApplication - [logStartupProfileInfo,638] - The following 1 profile is active: "dev"
15:51:55.989 [main] INFO  o.a.c.h.Http11NioProtocol - [log,173] - Initializing ProtocolHandler ["http-nio-9301"]
15:51:55.992 [main] INFO  o.a.c.c.StandardService - [log,173] - Starting service [Tomcat]
15:51:55.992 [main] INFO  o.a.c.c.StandardEngine - [log,173] - Starting Servlet engine: [Apache Tomcat/9.0.96]
15:51:56.112 [main] INFO  o.a.c.c.C.[.[.[/] - [log,173] - Initializing Spring embedded WebApplicationContext
15:51:56.755 [main] INFO  c.a.d.p.DruidDataSource - [init,1002] - {dataSource-1,master} inited
15:51:56.755 [main] INFO  c.b.d.d.DynamicRoutingDataSource - [addDataSource,158] - dynamic-datasource - add a datasource named [master] success
15:51:56.755 [main] INFO  c.b.d.d.DynamicRoutingDataSource - [afterPropertiesSet,241] - dynamic-datasource initial loaded [1] datasource,primary datasource named [master]
15:51:56.939 [main] INFO  c.b.d.d.DynamicRoutingDataSource - [destroy,215] - dynamic-datasource start closing ....
15:51:56.941 [main] INFO  c.a.d.p.DruidDataSource - [close,2204] - {dataSource-1} closing ...
15:51:56.944 [main] INFO  c.a.d.p.DruidDataSource - [close,2277] - {dataSource-1} closed
15:51:56.944 [main] INFO  c.b.d.d.d.DefaultDataSourceDestroyer - [destroy,98] - dynamic-datasource close the datasource named [master] success,
15:51:56.944 [main] INFO  c.b.d.d.DynamicRoutingDataSource - [destroy,219] - dynamic-datasource all closed success,bye
15:51:56.945 [main] INFO  o.a.c.c.StandardService - [log,173] - Stopping service [Tomcat]
15:56:13.282 [main] INFO  c.a.n.c.e.SearchableProperties - [sortPropertySourceDefaultOrder,197] - properties search order:PROPERTIES->JVM->ENV->DEFAULT_SETTING
15:56:13.317 [background-preinit] INFO  o.h.v.i.util.Version - [<clinit>,21] - HV000001: Hibernate Validator 6.2.5.Final
15:56:14.851 [main] INFO  c.a.n.p.a.s.c.ClientAuthPluginManager - [init,56] - [ClientAuthPluginManager] Load ClientAuthService com.alibaba.nacos.client.auth.impl.NacosClientAuthServiceImpl success.
15:56:14.851 [main] INFO  c.a.n.p.a.s.c.ClientAuthPluginManager - [init,56] - [ClientAuthPluginManager] Load ClientAuthService com.alibaba.nacos.client.auth.ram.RamClientAuthServiceImpl success.
15:56:15.868 [main] INFO  c.d.B.RuoYiProjectApplication - [logStartupProfileInfo,638] - The following 1 profile is active: "dev"
15:56:17.069 [main] INFO  o.a.c.h.Http11NioProtocol - [log,173] - Initializing ProtocolHandler ["http-nio-9301"]
15:56:17.073 [main] INFO  o.a.c.c.StandardService - [log,173] - Starting service [Tomcat]
15:56:17.073 [main] INFO  o.a.c.c.StandardEngine - [log,173] - Starting Servlet engine: [Apache Tomcat/9.0.96]
15:56:17.191 [main] INFO  o.a.c.c.C.[.[.[/] - [log,173] - Initializing Spring embedded WebApplicationContext
15:56:17.802 [main] INFO  c.a.d.p.DruidDataSource - [init,1002] - {dataSource-1,master} inited
15:56:17.802 [main] INFO  c.b.d.d.DynamicRoutingDataSource - [addDataSource,158] - dynamic-datasource - add a datasource named [master] success
15:56:17.803 [main] INFO  c.b.d.d.DynamicRoutingDataSource - [afterPropertiesSet,241] - dynamic-datasource initial loaded [1] datasource,primary datasource named [master]
15:56:18.299 [main] INFO  c.a.c.s.SentinelWebMvcConfigurer - [addInterceptors,52] - [Sentinel Starter] register SentinelWebInterceptor with urlPatterns: [/**].
15:56:22.040 [main] INFO  o.a.c.h.Http11NioProtocol - [log,173] - Starting ProtocolHandler ["http-nio-9301"]
15:56:22.054 [main] INFO  c.a.n.p.a.s.c.ClientAuthPluginManager - [init,56] - [ClientAuthPluginManager] Load ClientAuthService com.alibaba.nacos.client.auth.impl.NacosClientAuthServiceImpl success.
15:56:22.054 [main] INFO  c.a.n.p.a.s.c.ClientAuthPluginManager - [init,56] - [ClientAuthPluginManager] Load ClientAuthService com.alibaba.nacos.client.auth.ram.RamClientAuthServiceImpl success.
15:56:22.191 [main] INFO  c.a.c.n.r.NacosServiceRegistry - [register,76] - nacos registry, DEFAULT_GROUP detail-Baidudesk 192.168.111.1:9301 register finished
15:56:23.464 [main] INFO  c.d.B.RuoYiProjectApplication - [logStarted,61] - Started RuoYiProjectApplication in 11.662 seconds (JVM running for 12.334)
15:56:23.479 [main] INFO  c.a.c.n.r.NacosContextRefresher - [registerNacosListener,141] - [Nacos Config] Listening config: dataId=detail-Baidudesk.yml, group=DEFAULT_GROUP
15:56:23.479 [main] INFO  c.a.c.n.r.NacosContextRefresher - [registerNacosListener,141] - [Nacos Config] Listening config: dataId=detail-Baidudesk, group=DEFAULT_GROUP
15:56:23.482 [main] INFO  c.a.c.n.r.NacosContextRefresher - [registerNacosListener,141] - [Nacos Config] Listening config: dataId=detail-Baidudesk-dev.yml, group=DEFAULT_GROUP
15:56:24.124 [RMI TCP Connection(1)-192.168.1.3] INFO  o.a.c.c.C.[.[.[/] - [log,173] - Initializing Spring DispatcherServlet 'dispatcherServlet'
15:58:19.452 [SpringApplicationShutdownHook] INFO  c.a.c.n.r.NacosServiceRegistry - [deregister,95] - De-registering from Nacos Server now...
15:58:19.456 [SpringApplicationShutdownHook] INFO  c.a.c.n.r.NacosServiceRegistry - [deregister,115] - De-registration finished.
15:58:19.467 [SpringApplicationShutdownHook] INFO  c.b.d.d.DynamicRoutingDataSource - [destroy,215] - dynamic-datasource start closing ....
15:58:19.468 [SpringApplicationShutdownHook] INFO  c.a.d.p.DruidDataSource - [close,2204] - {dataSource-1} closing ...
15:58:19.474 [SpringApplicationShutdownHook] INFO  c.a.d.p.DruidDataSource - [close,2277] - {dataSource-1} closed
15:58:19.474 [SpringApplicationShutdownHook] INFO  c.b.d.d.d.DefaultDataSourceDestroyer - [destroy,98] - dynamic-datasource close the datasource named [master] success,
15:58:19.475 [SpringApplicationShutdownHook] INFO  c.b.d.d.DynamicRoutingDataSource - [destroy,219] - dynamic-datasource all closed success,bye
